[INFO ] 2024-07-06 23:51:53.822 [main] ReportManager - 
[0;7m------------------------------------------------------------------------------------------------------------------------------------------------
                                                    Powered by [1mSHAFT v.8.2.20240624[22m                                                    
------------------------------------------------------------------------------------------------------------------------------------------------
[0m
[INFO ] 2024-07-06 23:51:53.826 [] ReportManager - Checking for engine updates...
[INFO ] 2024-07-06 23:51:53.832 [] ReportManager - Initializing Allure Reporting Environment...
[INFO ] 2024-07-06 23:51:53.832 [] ReportManager - Initializing Summary Reporting Environment...
[INFO ] 2024-07-06 23:51:53.835 [main] ReportManager - TestNG run detected...
[WARN ] 2024-07-06 23:51:53.989 [main] Configuration - Detected a static method [pages.DriverManager.startDriverSession()]. Static configuration methods can cause unexpected behavior.
[WARN ] 2024-07-06 23:51:53.991 [main] Configuration - Detected a static method [pages.DriverManager.EndDriverSession()]. Static configuration methods can cause unexpected behavior.
[INFO ] 2024-07-06 23:51:54.015 [main] Utils - [TestNG] Running:
  D:\JDK\project\Web-Automation-Assessment\Technical-challenge\Technical-challenge\RunTest.xml

[INFO ] 2024-07-06 23:51:54.056 [main] ReportManager - 
[0;7m------------------------------------------------------------------------------------------------------------------------------------------------
                                             Starting execution of suite setup configuration method                                             
                                          'com.shaft.listeners.internal.ConfigurationHelper.suiteSetup'                                          
------------------------------------------------------------------------------------------------------------------------------------------------
[0m
[INFO ] 2024-07-06 23:51:54.072 [main] ReportManager - Initializing Important Links...
[INFO ] 2024-07-06 23:51:54.084 [main] ReportManager - Initializing Properties...
[INFO ] 2024-07-06 23:51:54.155 [main] ReportManager - 
[0;7m------------------------------------------------------------------------------------------------------------------------------------------------
                                         Starting execution of start driver session configuration method                                         
                                                         'LoginPage.startDriverSession'                                                         
------------------------------------------------------------------------------------------------------------------------------------------------
[0m
[INFO ] 2024-07-06 23:51:54.163 [main] ReportManager - Setting "targetOperatingSystem" property with "windows".
[INFO ] 2024-07-06 23:51:54.701 [main] ReportManager - Capabilities {acceptInsecureCerts: true, browserName: chrome, goog:chromeOptions: {args: [--remote-debugging-pipe, --no-sandbox, --start-maximized], extensions: [], prefs: {download.default_directory: D:\JDK\project\Web-Automati..., download.prompt_for_download: false, profile.default_content_settings.popups: 0}}, pageLoadStrategy: normal, timeouts: {pageLoad: 60000, script: 60000}, unhandledPromptBehavior: ignore, webSocketUrl: true}
[INFO ] 2024-07-06 23:51:54.703 [main] ReportManager - Attempting to run locally on: "Windows | Chrome".
[INFO ] 2024-07-06 23:51:54.703 [main] ReportManager - Identifying OS/Driver combination. Please note that if a new browser/driver executable will be downloaded it may take some time depending on your connection...
[INFO ] 2024-07-06 23:51:54.814 [] ReportManager - Loaded OpenCV "opencv_java490".
[DEBUG] 2024-07-06 23:51:55.450 [] BasicClientConnectionManager - Get connection for route {s}->https://api.github.com:443
[DEBUG] 2024-07-06 23:51:55.509 [] DefaultClientConnectionOperator - Connecting to api.github.com:443
[DEBUG] 2024-07-06 23:51:55.925 [] RequestAddCookies - CookieSpec selected: ignoreCookies
[DEBUG] 2024-07-06 23:51:55.930 [] RequestAuthCache - Auth cache not set in the context
[DEBUG] 2024-07-06 23:51:55.931 [] RequestTargetAuthentication - Target auth state: UNCHALLENGED
[DEBUG] 2024-07-06 23:51:55.932 [] RequestProxyAuthentication - Proxy auth state: UNCHALLENGED
[DEBUG] 2024-07-06 23:51:55.943 [] DefaultClientConnection - Sending request: GET /repos/ShaftHQ/SHAFT_ENGINE/releases/latest HTTP/1.1
[DEBUG] 2024-07-06 23:51:55.944 [] wire -  >> "GET /repos/ShaftHQ/SHAFT_ENGINE/releases/latest HTTP/1.1[\r][\n]"
[DEBUG] 2024-07-06 23:51:55.946 [] wire -  >> "Accept: */*[\r][\n]"
[DEBUG] 2024-07-06 23:51:55.947 [] wire -  >> "Host: api.github.com[\r][\n]"
[DEBUG] 2024-07-06 23:51:55.947 [] wire -  >> "Connection: Keep-Alive[\r][\n]"
[DEBUG] 2024-07-06 23:51:55.947 [] wire -  >> "User-Agent: Apache-HttpClient/4.5.13 (Java/22.0.1)[\r][\n]"
[DEBUG] 2024-07-06 23:51:55.947 [] wire -  >> "Accept-Encoding: gzip,deflate[\r][\n]"
[DEBUG] 2024-07-06 23:51:55.947 [] wire -  >> "[\r][\n]"
[DEBUG] 2024-07-06 23:51:55.947 [] headers - >> GET /repos/ShaftHQ/SHAFT_ENGINE/releases/latest HTTP/1.1
[DEBUG] 2024-07-06 23:51:55.948 [] headers - >> Accept: */*
[DEBUG] 2024-07-06 23:51:55.948 [] headers - >> Host: api.github.com
[DEBUG] 2024-07-06 23:51:55.948 [] headers - >> Connection: Keep-Alive
[DEBUG] 2024-07-06 23:51:55.948 [] headers - >> User-Agent: Apache-HttpClient/4.5.13 (Java/22.0.1)
[DEBUG] 2024-07-06 23:51:55.948 [] headers - >> Accept-Encoding: gzip,deflate
[DEBUG] 2024-07-06 23:51:56.178 [] wire -  << "HTTP/1.1 200 OK[\r][\n]"
[DEBUG] 2024-07-06 23:51:56.180 [] wire -  << "Date: Sat, 06 Jul 2024 20:51:55 GMT[\r][\n]"
[DEBUG] 2024-07-06 23:51:56.180 [] wire -  << "Content-Type: application/json; charset=utf-8[\r][\n]"
[DEBUG] 2024-07-06 23:51:56.180 [] wire -  << "Cache-Control: public, max-age=60, s-maxage=60[\r][\n]"
[DEBUG] 2024-07-06 23:51:56.180 [] wire -  << "Vary: Accept,Accept-Encoding, Accept, X-Requested-With[\r][\n]"
[DEBUG] 2024-07-06 23:51:56.180 [] wire -  << "ETag: W/"ed814956a6e561f96199ee872b199e6b47b14f7026d8d44f21a16464e4f8b58a"[\r][\n]"
[DEBUG] 2024-07-06 23:51:56.180 [] wire -  << "Last-Modified: Mon, 24 Jun 2024 17:12:27 GMT[\r][\n]"
[DEBUG] 2024-07-06 23:51:56.180 [] wire -  << "X-GitHub-Media-Type: github.v3; format=json[\r][\n]"
[DEBUG] 2024-07-06 23:51:56.180 [] wire -  << "x-github-api-version-selected: 2022-11-28[\r][\n]"
[DEBUG] 2024-07-06 23:51:56.180 [] wire -  << "Access-Control-Expose-Headers: ETag, Link, Location, Retry-After, X-GitHub-OTP, X-RateLimit-Limit, X-RateLimit-Remaining, X-RateLimit-Used, X-RateLimit-Resource, X-RateLimit-Reset, X-OAuth-Scopes, X-Accepted-OAuth-Scopes, X-Poll-Interval, X-GitHub-Media-Type, X-GitHub-SSO, X-GitHub-Request-Id, Deprecation, Sunset[\r][\n]"
[DEBUG] 2024-07-06 23:51:56.181 [] wire -  << "Access-Control-Allow-Origin: *[\r][\n]"
[DEBUG] 2024-07-06 23:51:56.181 [] wire -  << "Strict-Transport-Security: max-age=31536000; includeSubdomains; preload[\r][\n]"
[DEBUG] 2024-07-06 23:51:56.181 [] wire -  << "X-Frame-Options: deny[\r][\n]"
[DEBUG] 2024-07-06 23:51:56.181 [] wire -  << "X-Content-Type-Options: nosniff[\r][\n]"
[DEBUG] 2024-07-06 23:51:56.181 [] wire -  << "X-XSS-Protection: 0[\r][\n]"
[DEBUG] 2024-07-06 23:51:56.181 [] wire -  << "Referrer-Policy: origin-when-cross-origin, strict-origin-when-cross-origin[\r][\n]"
[DEBUG] 2024-07-06 23:51:56.181 [] wire -  << "Content-Security-Policy: default-src 'none'[\r][\n]"
[DEBUG] 2024-07-06 23:51:56.181 [] wire -  << "Content-Encoding: gzip[\r][\n]"
[DEBUG] 2024-07-06 23:51:56.181 [] wire -  << "Server: github.com[\r][\n]"
[DEBUG] 2024-07-06 23:51:56.182 [] wire -  << "X-RateLimit-Limit: 60[\r][\n]"
[DEBUG] 2024-07-06 23:51:56.182 [] wire -  << "X-RateLimit-Remaining: 53[\r][\n]"
[DEBUG] 2024-07-06 23:51:56.182 [] wire -  << "X-RateLimit-Reset: 1720301066[\r][\n]"
[DEBUG] 2024-07-06 23:51:56.182 [] wire -  << "X-RateLimit-Resource: core[\r][\n]"
[DEBUG] 2024-07-06 23:51:56.182 [] wire -  << "X-RateLimit-Used: 7[\r][\n]"
[DEBUG] 2024-07-06 23:51:56.182 [] wire -  << "Accept-Ranges: bytes[\r][\n]"
[DEBUG] 2024-07-06 23:51:56.183 [] wire -  << "Content-Length: 998[\r][\n]"
[DEBUG] 2024-07-06 23:51:56.183 [] wire -  << "X-GitHub-Request-Id: DAE5:238F6A:5707E51:581B9FE:6689AE6B[\r][\n]"
[DEBUG] 2024-07-06 23:51:56.183 [] wire -  << "[\r][\n]"
[DEBUG] 2024-07-06 23:51:56.184 [] DefaultClientConnection - Receiving response: HTTP/1.1 200 OK
[DEBUG] 2024-07-06 23:51:56.184 [] headers - << HTTP/1.1 200 OK
[DEBUG] 2024-07-06 23:51:56.184 [] headers - << Date: Sat, 06 Jul 2024 20:51:55 GMT
[DEBUG] 2024-07-06 23:51:56.184 [] headers - << Content-Type: application/json; charset=utf-8
[DEBUG] 2024-07-06 23:51:56.184 [] headers - << Cache-Control: public, max-age=60, s-maxage=60
[DEBUG] 2024-07-06 23:51:56.184 [] headers - << Vary: Accept,Accept-Encoding, Accept, X-Requested-With
[DEBUG] 2024-07-06 23:51:56.184 [] headers - << ETag: W/"ed814956a6e561f96199ee872b199e6b47b14f7026d8d44f21a16464e4f8b58a"
[DEBUG] 2024-07-06 23:51:56.184 [] headers - << Last-Modified: Mon, 24 Jun 2024 17:12:27 GMT
[DEBUG] 2024-07-06 23:51:56.184 [] headers - << X-GitHub-Media-Type: github.v3; format=json
[DEBUG] 2024-07-06 23:51:56.184 [] headers - << x-github-api-version-selected: 2022-11-28
[DEBUG] 2024-07-06 23:51:56.185 [] headers - << Access-Control-Expose-Headers: ETag, Link, Location, Retry-After, X-GitHub-OTP, X-RateLimit-Limit, X-RateLimit-Remaining, X-RateLimit-Used, X-RateLimit-Resource, X-RateLimit-Reset, X-OAuth-Scopes, X-Accepted-OAuth-Scopes, X-Poll-Interval, X-GitHub-Media-Type, X-GitHub-SSO, X-GitHub-Request-Id, Deprecation, Sunset
[DEBUG] 2024-07-06 23:51:56.185 [] headers - << Access-Control-Allow-Origin: *
[DEBUG] 2024-07-06 23:51:56.185 [] headers - << Strict-Transport-Security: max-age=31536000; includeSubdomains; preload
[DEBUG] 2024-07-06 23:51:56.185 [] headers - << X-Frame-Options: deny
[DEBUG] 2024-07-06 23:51:56.185 [] headers - << X-Content-Type-Options: nosniff
[DEBUG] 2024-07-06 23:51:56.185 [] headers - << X-XSS-Protection: 0
[DEBUG] 2024-07-06 23:51:56.185 [] headers - << Referrer-Policy: origin-when-cross-origin, strict-origin-when-cross-origin
[DEBUG] 2024-07-06 23:51:56.185 [] headers - << Content-Security-Policy: default-src 'none'
[DEBUG] 2024-07-06 23:51:56.185 [] headers - << Content-Encoding: gzip
[DEBUG] 2024-07-06 23:51:56.185 [] headers - << Server: github.com
[DEBUG] 2024-07-06 23:51:56.185 [] headers - << X-RateLimit-Limit: 60
[DEBUG] 2024-07-06 23:51:56.185 [] headers - << X-RateLimit-Remaining: 53
[DEBUG] 2024-07-06 23:51:56.185 [] headers - << X-RateLimit-Reset: 1720301066
[DEBUG] 2024-07-06 23:51:56.185 [] headers - << X-RateLimit-Resource: core
[DEBUG] 2024-07-06 23:51:56.185 [] headers - << X-RateLimit-Used: 7
[DEBUG] 2024-07-06 23:51:56.185 [] headers - << Accept-Ranges: bytes
[DEBUG] 2024-07-06 23:51:56.185 [] headers - << Content-Length: 998
[DEBUG] 2024-07-06 23:51:56.185 [] headers - << X-GitHub-Request-Id: DAE5:238F6A:5707E51:581B9FE:6689AE6B
[INFO ] 2024-07-06 23:51:56.186 [main] ReportManager - Successfully Opened: "Windows | Chrome".
[DEBUG] 2024-07-06 23:51:56.202 [] RestAssuredHttpBuilder - Parsing response as: application/json; charset=utf-8
[DEBUG] 2024-07-06 23:51:56.203 [] wire -  << "[0x1f][0x8b][0x8][0x0][0x0][0x0][0x0][0x0][0x0][0x3][0xb5]W[0x8f]k[0xdb]8[0x18][0xfd]W[0x8c][0xc7]8[0xc8][0xc5]v[0xec]8ij[0x18][0xbb][0xeb][0xda][0xfd][0x82][0xb6]l+[0xc]n[0x1b]Av[0x14][[0xad]ly[0x92][0x9c]^[0x16][0xfa][0xbf][0xdf][0x93][0xed][0x84]"
[DEBUG] 2024-07-06 23:51:56.204 [] wire -  << "[0xc4][0xdc][0xd2][0xee][0x92][0xa3]P[0xa8][0xd2][0xd3][0xd3][0xd3][0xa7][0xf7]}][0xd9][0x95][0xe4]vdgZ[0x97]*[0xf2]<R27e:[0xab]b7[0x11][0xb9]'i)[0x94][0xf7])#s[0xfd][0xf6][0x83][0xf7][0xe9][0xed][0x9f][0xaf]o[0xa6][0x17]Wo[0xde]]][0xe0]O[0x9c][0x12]E[0x95][0xe7][0x8f][0x3][0xdf]?[0x1d][0x8f][0x87]v[0xdf]&JQ[0xad][0xa6][0xc7][0xc3][0xf4][0x1a]D@W%[0x17]d[0xd6][0x81]n[0x6][0xd5][0xa6][0xdc][0xc2][0xaf]^[0x16]$[0xa7]}Nb[0xca][0x1f][0xb0]W[0xa6]s[0xde][0xd9]iK[0x94][0xfd]rh[0x92]z[0x13]7p[0x83]A[0x10][0xe][0xc6]A[0x8]86[0xb3][0xa3][0x8d]J[0x10][0xa9][0xd2][0x99][0x90]v[0xb4][0xb2][0xb9]HY[0x1][0xf5][0x1b]p[0x87]$[0x9a][0x89]B}[0x89][0x85][0xfe][0xd6].[0xb][0xfd][0xc9][0xe9]$[0x98][0x4]}[0xbb][0x10]3:5H[0xf6][0xe5][0xf9][0xe5][0xf8]C~:[0xb8]:[0xbf][0x8][0xaf]o[0xd2][0xe5][0xf5][0xf9][0xbb][0x17]F[0xfb][0x5][0xd1]Dv[0xb5][0xaf][0x7][0xd7][0x2]U[0x8a][0xca]D[0x14][0x9a][0x16][0xba][0xbe]^Vx[0xfe]h8[0x9e][0xbc]\[0xbc]0<S[0xd9]b[0xd4][0xdb][0x18][0xcd][0xf7][0xe5][0x86][0x1]S[0xde].[0xf5][0xe7][0xa3]3[0x90]>:TDR[0x96][0xdd][0xc5]X3[0x17][0x9c][0x8b]{[0xe0]v[0x8f][0xb1][0x9b][0x96]{[0xb7][0xf6]6 [0x1b]@V[0xa4][0x87][0x3][0x2]d[0xe5][0x9][0x9d]Qh[0x8c][0xa3][0x9b]<I[0x99]z,[0xdb][0xf7]S[0xad][0x1]V[0x10]Qi[0xdc][0xad][0x81]T[0xb8].I[0xbb]y[0xde]y[0x96][0xfb]A[[0x8][0x90][0xbd]/[0xc0]sU[0xbf][0xe2][0x1a][0xbb][0x8a]U"YYg[0xd9]![0x82][0xec][0x0][0x1]X[0xc8][0x94][0x14][0xec][0x7]9[0x18][0x18]@[\n]"
[DEBUG] 2024-07-06 23:51:56.204 [] wire -  << "x[0xb5][0xed][0x1c]B[0xb0][0x6][0x0][0x10]] [0xd5][0xf]Bj[0x10]V^)[0xd9][0x82]$K#[0xa3][0xa4][0x9]e[0xb][0xdc][0xd1][0xe1][0xe8][0x1d]([0x80][0xeb]eI[0xf1][0xf8][0xce][0x84]6[0x17][0xc6]4[0x9d][0x92]YnLbN[0xb8][0xa2][0xf][0xdb]>[0xf0][0xf1]bzw~[0xfd][0xea][\r][0xbd][0x19][0xab][0xf0][0xfd][0xf7]x[0xba]0[0x0]$[0x9d][0x1a]7[0x3]H[0xc7][0x86][0x90]Y)[0xd5]S<[0xfc][0x9c]i[0xa6]2[0xcc][0xc8][0x9][0xa0][0x81][0xf9][0xaf][0xf3]g[0x12][0xb6][0xdf]n[0xdc][0xb7]KI[[0xcb][0xdf][0xc]%[0x92][0x12][\r][0x1d][0x8]f[0xd9][0xc6][0xef][0x9c][0xc1][0xd8][0x9][0xc2][0x1b][0xff]$[0xf2][0xfd]ht[0xf2][0x17][0xa0][0xcb]*[0xe6][0xd8][0xeb]'[0xb3][0x82]([0xa8]g[0xb5].[0x1f]}[0xf9]f[0xe] c[0xc2][0xbb][0xfe][0xfb][0xf4][0xc2][0xd4][0xae][0xef][0x9a][0xf0][0xf]V[0x1e][0x4][0xdb][0xae][0xef][0xc2][0xc6]b[0xb6][0xc4][0xe9][0x9f]=[0xb3]>gD[0xff][0xa6][0xac]W[0x19])R:[0xfb]Z[0xf4][0xac][0xb3]*/-[0xa4][0xb4]KJ[0x92]d[0xd4][0xcd][0x9][0xd2][0xd1]U[0x95][0xa4]s&i[0xb4][0xe][0x1c]M[0x95].Rk.En[\r]Q:F[0x96][0x16][0x8][0x86][0xee][0xc0][0x8a][0x97][0xd6][0x1f]3Z[0xd2]bF`[0xac][0x16]+[0xac]u[0xa5]~[0xac] [0x95][0x15][0xe7][0xa8][0xcd][0xe1][0xe0][0xe7]LJ^[0xa1][0xfe][0xa8][0xa8][0xe6][0xe5]l[0xe8]4[0xc3][0xff][0xf][0x9d][0xe1][0xe9][0xe][0x1d]%[\n]"
[DEBUG] 2024-07-06 23:51:56.204 [] wire -  << "b2[0xde]M[0xf0]N%[0xe1]Q[0xfb]u[0xda][0xb4][0x81][0xe7]:[\r][0xbb]mR[0x3]7[0x84]4[0xd0]h[0xe0][0x8e][0x8e][0xa2][0x91][0xff]d[0x8d][0x92]|M[0xcd][0xe9][0xca][0xe4][0x1f][0xf3][0xd6][0x86]OetKd[0x87]I[0xe8][0xb6]LB78B[0xfe][0x4][0xbb][0x17][0x86][0xae][0xaf]`U[0x9e]}wU[0x1b]F[0xeb][0xc0][0xb9]E[0xfb][0xd0][0xa4][\r][0xb6][0xf6][0x9b]+B[0x14][0x1c][0xe5][0x8e]B[0xc3]#[0x17]1[0xe3][0xd4]B[0xd2][0xc0][0x80][0xf1][0x1a][0x98][0xb6][0xe6][0xec][0xef][0xfa][0x94][0x97]"#1~13[0xfe][0xcb][0xaf]d[0xb4]{[0xca][0xbb]%[\n]"
[DEBUG] 2024-07-06 23:51:56.205 [] wire -  << "%[0x85]+[0xca][0xe8][0xd6][0xe4]([0xda]Z[0x89][0xad][0xcc][0x3][0xf5][0x91]s[0xb5][0xc0]&8[0x86][0xc0]c[0xb3][0xf5][0xb6]U[0x1f][0xe1]8'_[0xb][0xf3][0xd3][0xeb][0xbd][0x86][0xb][0xb4][0x96][0x84]f[0xb3][0xd7][0x8b][0x9e][0xac][0xc][0xca]DI$[0xdd][0xf2];[0xdf]w][0xb7]SS R[0xd3][0xb4][0x9a]vvo[0xbb][0xf8]K[0xff]J[0xa0]eY[0xe3][0xa2] [0x8]M8[0xca]VU[0xa0][0xce][0xf8]}[0xfb]w[0xbf][0xfe]8[0xf8][0xc][0xfa]6'U[0x8a]R[0x86]([0x13]B[0x12][0x98]1B4[0xb9]s4Ihc[0xcd]8%[0x12]+[0x11]I[0x91][0xdc][0xd1]&[0xa4]K[0xaa]0[0x86][0x82][0x9a][0xc3]z[0xea][0x86][0xa8][0xdd]!x[0xf8][0x7]w[0xe1][0xcc]|[0x15][\r][0x0][0x0]"
[DEBUG] 2024-07-06 23:51:56.205 [] RestAssuredHttpBuilder - Parsed data to instance of: class org.apache.http.conn.EofSensorInputStream
[INFO ] 2024-07-06 23:51:56.212 [main] ReportManager - Target URL: "https://www.saucedemo.com/"
[INFO ] 2024-07-06 23:51:56.242 [main] ReportManager - Initial URL: "about:blank"
[DEBUG] 2024-07-06 23:51:56.289 [] BasicClientConnectionManager - Releasing connection org.apache.http.impl.conn.ManagedClientConnectionImpl@3352d05f
[DEBUG] 2024-07-06 23:51:56.289 [] BasicClientConnectionManager - Connection can be kept alive indefinitely
[INFO ] 2024-07-06 23:51:56.935 [] ReportManager - Engine Update check done for the day. ðŸ‘
[INFO ] 2024-07-06 23:51:57.212 [main] ReportManager - Navigate to url "https://www.saucedemo.com/".
[INFO ] 2024-07-06 23:51:57.218 [main] ReportManager - Verify that the browser title is equal to "Swag Labs".
[DEBUG] 2024-07-06 23:51:57.240 [main] ReportManager - Expected "Swag Labs", and actual "Swag Labs"
[ERROR] 2024-07-06 23:51:57.272 [main] AllureLifecycle - Could not update step: step with uuid d5494376-99d0-4f0b-84b3-b921f9c430f7 not found
[DEBUG] 2024-07-06 23:51:57.790 [Finalizer] DefaultClientConnection - Connection 0.0.0.0:56037<->140.82.121.5:443 closed
[INFO ] 2024-07-06 23:51:57.928 [main] ReportManager - Successfully created attachment 'Screenshot - Verify_23-51-57-927_06072024'
[INFO ] 2024-07-06 23:51:57.929 [main] ReportManager - Expected "Swag Labs", and actual "Swag Labs"
[ERROR] 2024-07-06 23:51:57.929 [main] AllureLifecycle - Could not update step: step with uuid d5494376-99d0-4f0b-84b3-b921f9c430f7 not found
[INFO ] 2024-07-06 23:51:57.932 [main] ReportManager - Successfully created attachment 'SHAFT Engine Logs - Current Method log: startDriverSession'
[INFO ] 2024-07-06 23:51:57.993 [main] ReportManager - 
[0;7m------------------------------------------------------------------------------------------------------------------------------------------------
                                        Starting Execution: '1 out of 4' test cases in the current suite                                        
                                                    Test Method: 'LoginPage.CheckFieldsExist'                                                    
------------------------------------------------------------------------------------------------------------------------------------------------
[0m
[INFO ] 2024-07-06 23:51:58.000 [main] ReportManager - Assert that the element located by "By.id: user-name" exists.
[DEBUG] 2024-07-06 23:51:58.052 [main] ReportManager - Expected "true", and actual "true"
[ERROR] 2024-07-06 23:51:58.053 [main] AllureLifecycle - Could not update step: step with uuid 19382dcc-bde6-47c4-9415-e157dfb8d967 not found
[INFO ] 2024-07-06 23:51:58.394 [main] ReportManager - Successfully created attachment 'Screenshot - Assert_23-51-58-393_06072024'
[INFO ] 2024-07-06 23:51:58.394 [main] ReportManager - Expected "true", and actual "true"
[ERROR] 2024-07-06 23:51:58.394 [main] AllureLifecycle - Could not update step: step with uuid 19382dcc-bde6-47c4-9415-e157dfb8d967 not found
[INFO ] 2024-07-06 23:51:58.396 [main] ReportManager - Assert that the element located by "By.id: password" exists.
[DEBUG] 2024-07-06 23:51:58.428 [main] ReportManager - Expected "true", and actual "true"
[ERROR] 2024-07-06 23:51:58.428 [main] AllureLifecycle - Could not update step: step with uuid 19382dcc-bde6-47c4-9415-e157dfb8d967 not found
[INFO ] 2024-07-06 23:51:58.756 [main] ReportManager - Successfully created attachment 'Screenshot - Assert_23-51-58-754_06072024'
[INFO ] 2024-07-06 23:51:58.756 [main] ReportManager - Expected "true", and actual "true"
[ERROR] 2024-07-06 23:51:58.756 [main] AllureLifecycle - Could not update step: step with uuid 19382dcc-bde6-47c4-9415-e157dfb8d967 not found
[INFO ] 2024-07-06 23:51:58.758 [main] ReportManager - Assert that the element located by "By.id: login-button" exists.
[DEBUG] 2024-07-06 23:51:58.791 [main] ReportManager - Expected "true", and actual "true"
[ERROR] 2024-07-06 23:51:58.791 [main] AllureLifecycle - Could not update step: step with uuid 19382dcc-bde6-47c4-9415-e157dfb8d967 not found
[INFO ] 2024-07-06 23:51:59.086 [main] ReportManager - Successfully created attachment 'Screenshot - Assert_23-51-59-085_06072024'
[INFO ] 2024-07-06 23:51:59.087 [main] ReportManager - Expected "true", and actual "true"
[ERROR] 2024-07-06 23:51:59.087 [main] AllureLifecycle - Could not update step: step with uuid 19382dcc-bde6-47c4-9415-e157dfb8d967 not found
[INFO ] 2024-07-06 23:51:59.090 [main] ReportManager - Successfully created attachment 'SHAFT Engine Logs - Current Method log: CheckFieldsExist'
[INFO ] 2024-07-06 23:51:59.091 [main] ReportManager - 
[0;7m------------------------------------------------------------------------------------------------------------------------------------------------
                                         Finished Execution of Test Method: 'LoginPage.CheckFieldsExist'                                         
                                                              Test Status: 'Passed'                                                              
------------------------------------------------------------------------------------------------------------------------------------------------
[0m
[INFO ] 2024-07-06 23:51:59.101 [main] ReportManager - 
[0;7m------------------------------------------------------------------------------------------------------------------------------------------------
                                          Starting execution of end driver session configuration method                                          
                                                          'LoginPage.EndDriverSession'                                                          
------------------------------------------------------------------------------------------------------------------------------------------------
[0m
[INFO ] 2024-07-06 23:51:59.306 [main] ReportManager - Successfully Closed Driver.
[INFO ] 2024-07-06 23:51:59.307 [main] ReportManager - Successfully created attachment 'SHAFT Engine Logs - Current Method log: EndDriverSession'
[INFO ] 2024-07-06 23:51:59.310 [main] ReportManager - 
[0;7m------------------------------------------------------------------------------------------------------------------------------------------------
                                         Starting execution of start driver session configuration method                                         
                                                         'LoginPage.startDriverSession'                                                         
------------------------------------------------------------------------------------------------------------------------------------------------
[0m
[INFO ] 2024-07-06 23:51:59.313 [main] ReportManager - Setting "targetOperatingSystem" property with "windows".
[INFO ] 2024-07-06 23:51:59.818 [main] ReportManager - Capabilities {acceptInsecureCerts: true, browserName: chrome, goog:chromeOptions: {args: [--remote-debugging-pipe, --no-sandbox, --start-maximized], extensions: [], prefs: {download.default_directory: D:\JDK\project\Web-Automati..., download.prompt_for_download: false, profile.default_content_settings.popups: 0}}, pageLoadStrategy: normal, timeouts: {pageLoad: 60000, script: 60000}, unhandledPromptBehavior: ignore, webSocketUrl: true}
[INFO ] 2024-07-06 23:51:59.819 [main] ReportManager - Attempting to run locally on: "Windows | Chrome".
[INFO ] 2024-07-06 23:51:59.820 [main] ReportManager - Identifying OS/Driver combination. Please note that if a new browser/driver executable will be downloaded it may take some time depending on your connection...
[INFO ] 2024-07-06 23:52:01.048 [main] ReportManager - Successfully Opened: "Windows | Chrome".
[INFO ] 2024-07-06 23:52:01.050 [main] ReportManager - Target URL: "https://www.saucedemo.com/"
[INFO ] 2024-07-06 23:52:01.086 [main] ReportManager - Initial URL: "about:blank"
[INFO ] 2024-07-06 23:52:01.923 [main] ReportManager - Navigate to url "https://www.saucedemo.com/".
[INFO ] 2024-07-06 23:52:01.924 [main] ReportManager - Verify that the browser title is equal to "Swag Labs".
[DEBUG] 2024-07-06 23:52:01.931 [main] ReportManager - Expected "Swag Labs", and actual "Swag Labs"
[ERROR] 2024-07-06 23:52:01.931 [main] AllureLifecycle - Could not update step: step with uuid fecafb1c-ca58-429e-bad8-60ee9548d149 not found
[INFO ] 2024-07-06 23:52:02.168 [main] ReportManager - Successfully created attachment 'Screenshot - Verify_23-52-02-167_06072024'
[INFO ] 2024-07-06 23:52:02.169 [main] ReportManager - Expected "Swag Labs", and actual "Swag Labs"
[ERROR] 2024-07-06 23:52:02.169 [main] AllureLifecycle - Could not update step: step with uuid fecafb1c-ca58-429e-bad8-60ee9548d149 not found
[INFO ] 2024-07-06 23:52:02.170 [main] ReportManager - Successfully created attachment 'SHAFT Engine Logs - Current Method log: startDriverSession'
[INFO ] 2024-07-06 23:52:02.174 [main] ReportManager - 
[0;7m------------------------------------------------------------------------------------------------------------------------------------------------
                                        Starting Execution: '2 out of 4' test cases in the current suite                                        
                                                    Test Method: 'LoginPage.EmptyCredentials'                                                    
------------------------------------------------------------------------------------------------------------------------------------------------
[0m
[DEBUG] 2024-07-06 23:52:02.284 [main] ReportManager - Text cleared Using Native Clear
[INFO ] 2024-07-06 23:52:02.324 [main] ReportManager - Type "mohamed" into "Username".
[INFO ] 2024-07-06 23:52:02.481 [main] ReportManager - Moved the mouse to the middle of the element.
[INFO ] 2024-07-06 23:52:02.518 [main] ReportManager - Click "Login".
[INFO ] 2024-07-06 23:52:02.519 [main] ReportManager - Assert that the element located by "By.xpath: //div[contains(@class, 'error-message-container error')]/h3[contains(text(), 'Epic sadface: Password is required')]" exists.
[DEBUG] 2024-07-06 23:52:02.557 [main] ReportManager - Expected "true", and actual "true"
[ERROR] 2024-07-06 23:52:02.557 [main] AllureLifecycle - Could not update step: step with uuid df5a92c7-51f3-4cf0-b63e-14804f20e8b2 not found
[INFO ] 2024-07-06 23:52:02.856 [main] ReportManager - Successfully created attachment 'Screenshot - Assert_23-52-02-855_06072024'
[INFO ] 2024-07-06 23:52:02.857 [main] ReportManager - Expected "true", and actual "true"
[ERROR] 2024-07-06 23:52:02.857 [main] AllureLifecycle - Could not update step: step with uuid df5a92c7-51f3-4cf0-b63e-14804f20e8b2 not found
[INFO ] 2024-07-06 23:52:02.860 [main] ReportManager - Successfully created attachment 'SHAFT Engine Logs - Current Method log: EmptyCredentials'
[INFO ] 2024-07-06 23:52:02.861 [main] ReportManager - 
[0;7m------------------------------------------------------------------------------------------------------------------------------------------------
                                         Finished Execution of Test Method: 'LoginPage.EmptyCredentials'                                         
                                                              Test Status: 'Failed'                                                              
------------------------------------------------------------------------------------------------------------------------------------------------
[0m
[INFO ] 2024-07-06 23:52:02.867 [main] ReportManager - 
[0;7m------------------------------------------------------------------------------------------------------------------------------------------------
                                          Starting execution of end driver session configuration method                                          
                                                          'LoginPage.EndDriverSession'                                                          
------------------------------------------------------------------------------------------------------------------------------------------------
[0m
[INFO ] 2024-07-06 23:52:04.712 [main] ReportManager - Successfully Closed Driver.
[INFO ] 2024-07-06 23:52:04.713 [main] ReportManager - Successfully created attachment 'SHAFT Engine Logs - Current Method log: EndDriverSession'
[INFO ] 2024-07-06 23:52:04.716 [main] ReportManager - 
[0;7m------------------------------------------------------------------------------------------------------------------------------------------------
                                         Starting execution of start driver session configuration method                                         
                                                         'LoginPage.startDriverSession'                                                         
------------------------------------------------------------------------------------------------------------------------------------------------
[0m
[INFO ] 2024-07-06 23:52:04.718 [main] ReportManager - Setting "targetOperatingSystem" property with "windows".
[INFO ] 2024-07-06 23:52:05.221 [main] ReportManager - Capabilities {acceptInsecureCerts: true, browserName: chrome, goog:chromeOptions: {args: [--remote-debugging-pipe, --no-sandbox, --start-maximized], extensions: [], prefs: {download.default_directory: D:\JDK\project\Web-Automati..., download.prompt_for_download: false, profile.default_content_settings.popups: 0}}, pageLoadStrategy: normal, timeouts: {pageLoad: 60000, script: 60000}, unhandledPromptBehavior: ignore, webSocketUrl: true}
[INFO ] 2024-07-06 23:52:05.222 [main] ReportManager - Attempting to run locally on: "Windows | Chrome".
[INFO ] 2024-07-06 23:52:05.222 [main] ReportManager - Identifying OS/Driver combination. Please note that if a new browser/driver executable will be downloaded it may take some time depending on your connection...
[INFO ] 2024-07-06 23:52:06.032 [main] ReportManager - Successfully Opened: "Windows | Chrome".
[INFO ] 2024-07-06 23:52:06.034 [main] ReportManager - Target URL: "https://www.saucedemo.com/"
[INFO ] 2024-07-06 23:52:06.094 [main] ReportManager - Initial URL: "about:blank"
[INFO ] 2024-07-06 23:52:06.954 [main] ReportManager - Navigate to url "https://www.saucedemo.com/".
[INFO ] 2024-07-06 23:52:06.956 [main] ReportManager - Verify that the browser title is equal to "Swag Labs".
[DEBUG] 2024-07-06 23:52:06.962 [main] ReportManager - Expected "Swag Labs", and actual "Swag Labs"
[ERROR] 2024-07-06 23:52:06.963 [main] AllureLifecycle - Could not update step: step with uuid 790ddd45-832a-4a51-9be7-992a8db04f2a not found
[INFO ] 2024-07-06 23:52:07.177 [main] ReportManager - Successfully created attachment 'Screenshot - Verify_23-52-07-174_06072024'
[INFO ] 2024-07-06 23:52:07.179 [main] ReportManager - Expected "Swag Labs", and actual "Swag Labs"
[ERROR] 2024-07-06 23:52:07.181 [main] AllureLifecycle - Could not update step: step with uuid 790ddd45-832a-4a51-9be7-992a8db04f2a not found
[INFO ] 2024-07-06 23:52:07.185 [main] ReportManager - Successfully created attachment 'SHAFT Engine Logs - Current Method log: startDriverSession'
[INFO ] 2024-07-06 23:52:07.188 [main] ReportManager - 
[0;7m------------------------------------------------------------------------------------------------------------------------------------------------
                                        Starting Execution: '3 out of 4' test cases in the current suite                                        
                                                   Test Method: 'LoginPage.InValidCredentials'                                                   
------------------------------------------------------------------------------------------------------------------------------------------------
[0m
[DEBUG] 2024-07-06 23:52:07.273 [main] ReportManager - Text cleared Using Native Clear
[INFO ] 2024-07-06 23:52:07.312 [main] ReportManager - Type "mohamed" into "Username".
[DEBUG] 2024-07-06 23:52:07.374 [main] ReportManager - Text cleared Using Native Clear
[INFO ] 2024-07-06 23:52:07.404 [main] ReportManager - Type "123" into "Password".
[INFO ] 2024-07-06 23:52:07.562 [main] ReportManager - Moved the mouse to the middle of the element.
[INFO ] 2024-07-06 23:52:07.597 [main] ReportManager - Click "Login".
[INFO ] 2024-07-06 23:52:07.598 [main] ReportManager - Assert that the element located by "By.xpath: //div[contains(@class, 'error-message-container error')]/h3[contains(text(), 'Epic sadface: Username and password do not match any user in this service')]" exists.
[DEBUG] 2024-07-06 23:52:07.629 [main] ReportManager - Expected "true", and actual "true"
[ERROR] 2024-07-06 23:52:07.630 [main] AllureLifecycle - Could not update step: step with uuid 4b4d6e10-24ae-4b2b-bb8e-5af3159dc594 not found
[INFO ] 2024-07-06 23:52:07.914 [main] ReportManager - Successfully created attachment 'Screenshot - Assert_23-52-07-912_06072024'
[INFO ] 2024-07-06 23:52:07.914 [main] ReportManager - Expected "true", and actual "true"
[ERROR] 2024-07-06 23:52:07.914 [main] AllureLifecycle - Could not update step: step with uuid 4b4d6e10-24ae-4b2b-bb8e-5af3159dc594 not found
[INFO ] 2024-07-06 23:52:07.915 [main] ReportManager - Successfully created attachment 'SHAFT Engine Logs - Current Method log: InValidCredentials'
[INFO ] 2024-07-06 23:52:07.915 [main] ReportManager - 
[0;7m------------------------------------------------------------------------------------------------------------------------------------------------
                                        Finished Execution of Test Method: 'LoginPage.InValidCredentials'                                        
                                                              Test Status: 'Passed'                                                              
------------------------------------------------------------------------------------------------------------------------------------------------
[0m
[INFO ] 2024-07-06 23:52:07.917 [main] ReportManager - 
[0;7m------------------------------------------------------------------------------------------------------------------------------------------------
                                          Starting execution of end driver session configuration method                                          
                                                          'LoginPage.EndDriverSession'                                                          
------------------------------------------------------------------------------------------------------------------------------------------------
[0m
[INFO ] 2024-07-06 23:52:08.152 [main] ReportManager - Successfully Closed Driver.
[INFO ] 2024-07-06 23:52:08.153 [main] ReportManager - Successfully created attachment 'SHAFT Engine Logs - Current Method log: EndDriverSession'
[INFO ] 2024-07-06 23:52:08.155 [main] ReportManager - 
[0;7m------------------------------------------------------------------------------------------------------------------------------------------------
                                         Starting execution of start driver session configuration method                                         
                                                         'LoginPage.startDriverSession'                                                         
------------------------------------------------------------------------------------------------------------------------------------------------
[0m
[INFO ] 2024-07-06 23:52:08.157 [main] ReportManager - Setting "targetOperatingSystem" property with "windows".
[INFO ] 2024-07-06 23:52:08.670 [main] ReportManager - Capabilities {acceptInsecureCerts: true, browserName: chrome, goog:chromeOptions: {args: [--remote-debugging-pipe, --no-sandbox, --start-maximized], extensions: [], prefs: {download.default_directory: D:\JDK\project\Web-Automati..., download.prompt_for_download: false, profile.default_content_settings.popups: 0}}, pageLoadStrategy: normal, timeouts: {pageLoad: 60000, script: 60000}, unhandledPromptBehavior: ignore, webSocketUrl: true}
[INFO ] 2024-07-06 23:52:08.673 [main] ReportManager - Attempting to run locally on: "Windows | Chrome".
[INFO ] 2024-07-06 23:52:08.676 [main] ReportManager - Identifying OS/Driver combination. Please note that if a new browser/driver executable will be downloaded it may take some time depending on your connection...
[INFO ] 2024-07-06 23:52:09.693 [main] ReportManager - Successfully Opened: "Windows | Chrome".
[INFO ] 2024-07-06 23:52:09.696 [main] ReportManager - Target URL: "https://www.saucedemo.com/"
[INFO ] 2024-07-06 23:52:09.721 [main] ReportManager - Initial URL: "about:blank"
[INFO ] 2024-07-06 23:52:10.544 [main] ReportManager - Navigate to url "https://www.saucedemo.com/".
[INFO ] 2024-07-06 23:52:10.545 [main] ReportManager - Verify that the browser title is equal to "Swag Labs".
[DEBUG] 2024-07-06 23:52:10.554 [main] ReportManager - Expected "Swag Labs", and actual "Swag Labs"
[ERROR] 2024-07-06 23:52:10.555 [main] AllureLifecycle - Could not update step: step with uuid d2a5a638-6478-48de-9545-23eea0abc7bf not found
[INFO ] 2024-07-06 23:52:10.824 [main] ReportManager - Successfully created attachment 'Screenshot - Verify_23-52-10-823_06072024'
[INFO ] 2024-07-06 23:52:10.824 [main] ReportManager - Expected "Swag Labs", and actual "Swag Labs"
[ERROR] 2024-07-06 23:52:10.824 [main] AllureLifecycle - Could not update step: step with uuid d2a5a638-6478-48de-9545-23eea0abc7bf not found
[INFO ] 2024-07-06 23:52:10.825 [main] ReportManager - Successfully created attachment 'SHAFT Engine Logs - Current Method log: startDriverSession'
[INFO ] 2024-07-06 23:52:10.828 [main] ReportManager - 
[0;7m------------------------------------------------------------------------------------------------------------------------------------------------
                                        Starting Execution: '4 out of 4' test cases in the current suite                                        
                                                    Test Method: 'LoginPage.ValidCredentials'                                                    
------------------------------------------------------------------------------------------------------------------------------------------------
[0m
[DEBUG] 2024-07-06 23:52:10.913 [main] ReportManager - Text cleared Using Native Clear
[INFO ] 2024-07-06 23:52:10.959 [main] ReportManager - Type "standard_user" into "Username".
[DEBUG] 2024-07-06 23:52:11.015 [main] ReportManager - Text cleared Using Native Clear
[INFO ] 2024-07-06 23:52:11.050 [main] ReportManager - Type "secret_sauce" into "Password".
[INFO ] 2024-07-06 23:52:11.214 [main] ReportManager - Moved the mouse to the middle of the element.
[INFO ] 2024-07-06 23:52:11.278 [main] ReportManager - Click "Login".
[INFO ] 2024-07-06 23:52:11.279 [main] ReportManager - Assert that the element located by "By.xpath: //div[contains(text(), 'Swag Labs')]" exists.
[DEBUG] 2024-07-06 23:52:11.323 [main] ReportManager - Expected "true", and actual "true"
[ERROR] 2024-07-06 23:52:11.324 [main] AllureLifecycle - Could not update step: step with uuid e2730dab-28b2-4988-af6b-34221556368c not found
[INFO ] 2024-07-06 23:52:11.872 [main] ReportManager - Successfully created attachment 'Screenshot - Assert_23-52-11-868_06072024'
[INFO ] 2024-07-06 23:52:11.872 [main] ReportManager - Expected "true", and actual "true"
[ERROR] 2024-07-06 23:52:11.873 [main] AllureLifecycle - Could not update step: step with uuid e2730dab-28b2-4988-af6b-34221556368c not found
[INFO ] 2024-07-06 23:52:11.874 [main] ReportManager - Successfully created attachment 'SHAFT Engine Logs - Current Method log: ValidCredentials'
[INFO ] 2024-07-06 23:52:11.874 [main] ReportManager - 
[0;7m------------------------------------------------------------------------------------------------------------------------------------------------
                                         Finished Execution of Test Method: 'LoginPage.ValidCredentials'                                         
                                                              Test Status: 'Passed'                                                              
------------------------------------------------------------------------------------------------------------------------------------------------
[0m
[INFO ] 2024-07-06 23:52:11.876 [main] ReportManager - 
[0;7m------------------------------------------------------------------------------------------------------------------------------------------------
                                          Starting execution of end driver session configuration method                                          
                                                          'LoginPage.EndDriverSession'                                                          
------------------------------------------------------------------------------------------------------------------------------------------------
[0m
[INFO ] 2024-07-06 23:52:12.095 [main] ReportManager - Successfully Closed Driver.
[INFO ] 2024-07-06 23:52:12.096 [main] ReportManager - Successfully created attachment 'SHAFT Engine Logs - Current Method log: EndDriverSession'
[INFO ] 2024-07-06 23:52:12.098 [main] ReportManager - 
[0;7m------------------------------------------------------------------------------------------------------------------------------------------------
                                           Starting execution of engine tear down configuration method                                           
                                        'com.shaft.listeners.internal.ConfigurationHelper.engineTearDown'                                        
------------------------------------------------------------------------------------------------------------------------------------------------
[0m
[INFO ] 2024-07-06 23:52:12.099 [main] ReportManager - Successfully created attachment 'SHAFT Engine Logs - Execution log'
